\BOOKMARK [1][-]{section.1}{Oplossingen}{}% 1
\BOOKMARK [2][-]{subsection.1.1}{Geometrische Brownse bewegingen}{section.1}% 2
\BOOKMARK [3][-]{subsubsection.1.1.1}{Opgave 2}{subsection.1.1}% 3
\BOOKMARK [3][-]{subsubsection.1.1.2}{Opgave 4}{subsection.1.1}% 4
\BOOKMARK [3][-]{subsubsection.1.1.3}{Opgave 5}{subsection.1.1}% 5
\BOOKMARK [2][-]{subsection.1.2}{Simuleren van scenario's voor pensioensparen}{section.1}% 6
\BOOKMARK [3][-]{subsubsection.1.2.1}{Opgave 6}{subsection.1.2}% 7
\BOOKMARK [3][-]{subsubsection.1.2.2}{Opgave 13}{subsection.1.2}% 8
\BOOKMARK [3][-]{subsubsection.1.2.3}{Opgave 14}{subsection.1.2}% 9
\BOOKMARK [3][-]{subsubsection.1.2.4}{Opgave 16}{subsection.1.2}% 10
\BOOKMARK [3][-]{subsubsection.1.2.5}{Opgave 17}{subsection.1.2}% 11
\BOOKMARK [3][-]{subsubsection.1.2.6}{Opgave 18}{subsection.1.2}% 12
\BOOKMARK [3][-]{subsubsection.1.2.7}{Opgave 19}{subsection.1.2}% 13
\BOOKMARK [3][-]{subsubsection.1.2.8}{Opgave 20}{subsection.1.2}% 14
\BOOKMARK [2][-]{subsection.1.3}{Evaluatie}{section.1}% 15
\BOOKMARK [3][-]{subsubsection.1.3.1}{Opgave 21}{subsection.1.3}% 16
\BOOKMARK [3][-]{subsubsection.1.3.2}{Opgave 22}{subsection.1.3}% 17
\BOOKMARK [3][-]{subsubsection.1.3.3}{Opgave 23}{subsection.1.3}% 18
\BOOKMARK [1][-]{section*.2}{Appendices}{}% 19
\BOOKMARK [1][-]{appendix.A}{Code}{}% 20
\BOOKMARK [2][-]{subsection.A.1}{Opgaves}{appendix.A}% 21
\BOOKMARK [3][-]{subsubsection.A.1.1}{Opgave 2}{subsection.A.1}% 22
\BOOKMARK [3][-]{subsubsection.A.1.2}{Opgave 3}{subsection.A.1}% 23
\BOOKMARK [3][-]{subsubsection.A.1.3}{Opgave 4}{subsection.A.1}% 24
\BOOKMARK [3][-]{subsubsection.A.1.4}{Opgave 5}{subsection.A.1}% 25
\BOOKMARK [3][-]{subsubsection.A.1.5}{Opgave 6}{subsection.A.1}% 26
\BOOKMARK [3][-]{subsubsection.A.1.6}{Opgave 7}{subsection.A.1}% 27
\BOOKMARK [3][-]{subsubsection.A.1.7}{Opgave 8}{subsection.A.1}% 28
\BOOKMARK [3][-]{subsubsection.A.1.8}{Opgave 9}{subsection.A.1}% 29
\BOOKMARK [3][-]{subsubsection.A.1.9}{Opgave 10}{subsection.A.1}% 30
\BOOKMARK [3][-]{subsubsection.A.1.10}{Opgave 11}{subsection.A.1}% 31
\BOOKMARK [3][-]{subsubsection.A.1.11}{Opgave 12}{subsection.A.1}% 32
\BOOKMARK [3][-]{subsubsection.A.1.12}{Opgave 13}{subsection.A.1}% 33
\BOOKMARK [3][-]{subsubsection.A.1.13}{Opgave 14}{subsection.A.1}% 34
\BOOKMARK [3][-]{subsubsection.A.1.14}{Opgave 15}{subsection.A.1}% 35
\BOOKMARK [3][-]{subsubsection.A.1.15}{Opgave 16}{subsection.A.1}% 36
\BOOKMARK [3][-]{subsubsection.A.1.16}{Opgave 18}{subsection.A.1}% 37
\BOOKMARK [2][-]{subsection.A.2}{Extra Functies}{appendix.A}% 38
\BOOKMARK [3][-]{subsubsection.A.2.1}{r0679689\137brownianMove}{subsection.A.2}% 39
\BOOKMARK [3][-]{subsubsection.A.2.2}{r0679689\137compareSavingsAlternatives}{subsection.A.2}% 40
\BOOKMARK [3][-]{subsubsection.A.2.3}{r0679689\137logYields}{subsection.A.2}% 41
